{"ID":"B6E02F7A-A003-4D92-9F4B-C9BAEB474A12","NAME":"ALEX-ANDRE-0 IS EVEN","AT":1731721341194}
{"ID":"CA9DCA45-00AC-4F1A-A35E-8A0502F12D58","NAME":"ALEX-ANDRE-2 IS EVEN","AT":1731721341194}
{"ID":"D91984F2-32D7-4B13-A4DA-9EC7ABCBB04B","NAME":"ALEX-ANDRE-4 IS EVEN","AT":1731721341194}
{"ID":"4813C38B-A60D-4046-92B2-DBA484399BFF","NAME":"ALEX-ANDRE-6 IS EVEN","AT":1731721341194}
{"ID":"6C89F03E-1730-4610-AE18-0CBAEB288D97","NAME":"ALEX-ANDRE-8 IS EVEN","AT":1731721341194}
{"ID":"EAB13E80-DE93-4BA6-8050-B649B48FB540","NAME":"ALEX-ANDRE-10 IS EVEN","AT":1731721341194}
{"ID":"444B0584-B74E-43C3-9F4A-3E7D24407B98","NAME":"ALEX-ANDRE-12 IS EVEN","AT":1731721341194}
{"ID":"1595CFC1-81CC-481A-9BB4-046FCF8F3615","NAME":"ALEX-ANDRE-14 IS EVEN","AT":1731721341194}
{"ID":"0C105609-8712-489E-B077-831720D96B29","NAME":"ALEX-ANDRE-16 IS EVEN","AT":1731721341194}
{"ID":"D4B742EB-92D9-4A45-9379-27F3F18148A1","NAME":"ALEX-ANDRE-18 IS EVEN","AT":1731721341194}
{"ID":"97D1F1B4-5319-4C7B-ADD8-93BA6FF5FED0","NAME":"ALEX-ANDRE-20 IS EVEN","AT":1731721341194}
{"ID":"6F824ED7-ADD1-42D9-9CEF-03CE6D5EE239","NAME":"ALEX-ANDRE-22 IS EVEN","AT":1731721341194}
{"ID":"E7807C56-EA0F-4BD2-8528-5435E2679C48","NAME":"ALEX-ANDRE-24 IS EVEN","AT":1731721341194}
{"ID":"510860BF-C76B-4293-BC54-F8739F5EC500","NAME":"ALEX-ANDRE-26 IS EVEN","AT":1731721341194}
{"ID":"8EE60DBE-21FD-434F-A0F1-933965F91C57","NAME":"ALEX-ANDRE-28 IS EVEN","AT":1731721341194}
{"ID":"9C9ADFDE-2E9A-4790-A971-26337E42E5C2","NAME":"ALEX-ANDRE-30 IS EVEN","AT":1731721341194}
{"ID":"69A87314-C5E1-481A-A473-952A2058DAEC","NAME":"ALEX-ANDRE-32 IS EVEN","AT":1731721341194}
{"ID":"F7921145-C83E-4E90-A650-92FB40706AF8","NAME":"ALEX-ANDRE-34 IS EVEN","AT":1731721341194}
{"ID":"5254D946-968E-4B29-A30E-2229C001F0FB","NAME":"ALEX-ANDRE-36 IS EVEN","AT":1731721341194}
{"ID":"C5996E96-84A2-4A59-A992-7F0005363F55","NAME":"ALEX-ANDRE-38 IS EVEN","AT":1731721341194}
{"ID":"BD7A5DA9-E63E-4C1F-90A0-80C6C41A6996","NAME":"ALEX-ANDRE-40 IS EVEN","AT":1731721341194}
{"ID":"A2312921-3F23-4713-A6E6-63E7F56896E4","NAME":"ALEX-ANDRE-42 IS EVEN","AT":1731721341194}
{"ID":"EA25DF87-E455-4C20-AC9F-FC0CF2AB2930","NAME":"ALEX-ANDRE-44 IS EVEN","AT":1731721341194}
{"ID":"D62F3D63-DEBB-41EA-B8F3-41DEEFCA7CAE","NAME":"ALEX-ANDRE-46 IS EVEN","AT":1731721341194}
{"ID":"A71A1B9F-F864-486F-8A15-EEBC1C94682B","NAME":"ALEX-ANDRE-48 IS EVEN","AT":1731721341194}
{"ID":"5D2B7961-89B0-4428-87FF-C49DC567F8EE","NAME":"ALEX-ANDRE-50 IS EVEN","AT":1731721341194}
{"ID":"9EF78E65-0AF5-4736-A219-52AD17B866B5","NAME":"ALEX-ANDRE-52 IS EVEN","AT":1731721341194}
{"ID":"3B41BFFB-4F8C-4F75-BD31-70C76A084C9A","NAME":"ALEX-ANDRE-54 IS EVEN","AT":1731721341194}
{"ID":"24386A74-997E-44C0-B7FF-5214FB7BB068","NAME":"ALEX-ANDRE-56 IS EVEN","AT":1731721341194}
{"ID":"2234D933-AAAC-4224-A3F8-0B1AE0C9DF61","NAME":"ALEX-ANDRE-58 IS EVEN","AT":1731721341194}
{"ID":"75819124-E562-49BC-8A48-FB7B844475F1","NAME":"ALEX-ANDRE-60 IS EVEN","AT":1731721341194}
{"ID":"FC325441-D86D-44CC-87B0-FAAD58389ED5","NAME":"ALEX-ANDRE-62 IS EVEN","AT":1731721341194}
{"ID":"B0733A91-E912-436E-956E-0EBD721334EB","NAME":"ALEX-ANDRE-64 IS EVEN","AT":1731721341194}
{"ID":"8C154C1E-D514-4004-B3E5-1733DCE5E889","NAME":"ALEX-ANDRE-66 IS EVEN","AT":1731721341194}
{"ID":"94A70EBC-47DB-4621-BFEC-91A49C02176E","NAME":"ALEX-ANDRE-68 IS EVEN","AT":1731721341194}
{"ID":"08ADCD9D-15EB-4522-B530-0748B5C1DCFF","NAME":"ALEX-ANDRE-70 IS EVEN","AT":1731721341194}
{"ID":"2D73EB33-3B50-494C-9087-FAAA001DB3FA","NAME":"ALEX-ANDRE-72 IS EVEN","AT":1731721341194}
{"ID":"E632E9FE-A9A6-4F34-B2B1-345773A3CD1A","NAME":"ALEX-ANDRE-74 IS EVEN","AT":1731721341194}
{"ID":"7A85676C-5EA4-47C2-8361-B022B3C5035B","NAME":"ALEX-ANDRE-76 IS EVEN","AT":1731721341194}
{"ID":"B701E8EE-C6CE-4D3A-BF53-62686620AE91","NAME":"ALEX-ANDRE-78 IS EVEN","AT":1731721341194}
{"ID":"AA0CBD4F-236A-41C7-AA09-D0F477CB690B","NAME":"ALEX-ANDRE-80 IS EVEN","AT":1731721341194}
{"ID":"1518119D-ADB8-4AA6-85BD-1AB3F8BB5F1D","NAME":"ALEX-ANDRE-82 IS EVEN","AT":1731721341194}
{"ID":"76BA20A0-66CD-4751-BBA0-1AD1EF2F077C","NAME":"ALEX-ANDRE-84 IS EVEN","AT":1731721341194}
{"ID":"9B7DAC46-A3ED-4603-AF09-11C978F2E84B","NAME":"ALEX-ANDRE-86 IS EVEN","AT":1731721341194}
{"ID":"C21CC0EC-808D-4ED6-9269-A0A1B67C6A79","NAME":"ALEX-ANDRE-88 IS EVEN","AT":1731721341194}
{"ID":"A5C886D7-0D48-4E99-AD17-0AB678E344ED","NAME":"ALEX-ANDRE-90 IS EVEN","AT":1731721341194}
{"ID":"6DEE08BB-48F4-4557-8521-F470D2CEB385","NAME":"ALEX-ANDRE-92 IS EVEN","AT":1731721341194}
{"ID":"E49F9CD6-1638-4891-BF0D-605D28FAB3B5","NAME":"ALEX-ANDRE-94 IS EVEN","AT":1731721341194}
{"ID":"6C2BD1C4-20C6-45D9-9FE5-725F5D491B6B","NAME":"ALEX-ANDRE-96 IS EVEN","AT":1731721341194}
{"ID":"0D018502-B658-4BE4-9429-31DCFBD9CE81","NAME":"ALEX-ANDRE-98 IS EVEN","AT":1731721341194}
{"ID":"1F7B93F8-003C-4B88-AD8E-5F6BC496CBD1","NAME":"ALEX-ANDRE-0 IS EVEN","AT":1731721357816}
{"ID":"D70FB71B-39BB-44B3-996D-057BDFE12E44","NAME":"ALEX-ANDRE-2 IS EVEN","AT":1731721357816}
{"ID":"3EED7616-C5C5-4EAC-9BE0-0C2A32BA32BD","NAME":"ALEX-ANDRE-4 IS EVEN","AT":1731721357816}
{"ID":"443B4127-0982-4929-B03E-89E381B0523C","NAME":"ALEX-ANDRE-6 IS EVEN","AT":1731721357816}
{"ID":"6F910B53-EC2D-433A-9DE1-BF424A70316B","NAME":"ALEX-ANDRE-8 IS EVEN","AT":1731721357816}
{"ID":"07CFA215-2769-4791-8CE5-501A5DA627CE","NAME":"ALEX-ANDRE-10 IS EVEN","AT":1731721357816}
{"ID":"DCA06E9E-EB94-4FFE-8026-9BD4D974FBD1","NAME":"ALEX-ANDRE-12 IS EVEN","AT":1731721357816}
{"ID":"552E8DF0-15CD-4423-8BAC-5FE37615507E","NAME":"ALEX-ANDRE-14 IS EVEN","AT":1731721357816}
{"ID":"1F5C0478-BAFD-469A-9EF9-D1AB1BE5A999","NAME":"ALEX-ANDRE-16 IS EVEN","AT":1731721357816}
{"ID":"AE574414-7E53-4A4A-9707-07B8A959D71D","NAME":"ALEX-ANDRE-18 IS EVEN","AT":1731721357816}
{"ID":"070F8B85-2421-41F9-8272-15D5ACBEAFDE","NAME":"ALEX-ANDRE-20 IS EVEN","AT":1731721357816}
{"ID":"AE5641AD-A492-402B-9388-586A808489AB","NAME":"ALEX-ANDRE-22 IS EVEN","AT":1731721357816}
{"ID":"79C1526C-D107-4AC2-98CE-D503C0495C36","NAME":"ALEX-ANDRE-24 IS EVEN","AT":1731721357816}
{"ID":"68CA39A0-EFE5-4AA2-9E39-7C74BB65AEF8","NAME":"ALEX-ANDRE-26 IS EVEN","AT":1731721357816}
{"ID":"5FCC780C-E9BE-45DC-824E-C31FE6E57160","NAME":"ALEX-ANDRE-28 IS EVEN","AT":1731721357816}
{"ID":"720DD3E0-2482-47A5-AC6A-B7586FEE92AA","NAME":"ALEX-ANDRE-30 IS EVEN","AT":1731721357816}
{"ID":"682D564E-7398-4B07-A83A-75AD137CC7E1","NAME":"ALEX-ANDRE-32 IS EVEN","AT":1731721357816}
{"ID":"281D28EC-E537-4C71-B1B5-2DDA0F8DDFA7","NAME":"ALEX-ANDRE-34 IS EVEN","AT":1731721357816}
{"ID":"670C19C5-23AD-458F-B30B-B29A69A7CF30","NAME":"ALEX-ANDRE-36 IS EVEN","AT":1731721357816}
{"ID":"99C4AAAA-D30A-4262-A3F1-016437238C47","NAME":"ALEX-ANDRE-38 IS EVEN","AT":1731721357816}
{"ID":"102B2A04-BC42-454F-AC39-CC617DE9D2C4","NAME":"ALEX-ANDRE-40 IS EVEN","AT":1731721357816}
{"ID":"21B552AB-216C-4D81-8FF2-6363C6E489CF","NAME":"ALEX-ANDRE-42 IS EVEN","AT":1731721357816}
{"ID":"C22CF1AE-47C7-42E2-A5C8-E2A3DFED553B","NAME":"ALEX-ANDRE-44 IS EVEN","AT":1731721357816}
{"ID":"4F889AA2-355C-4807-BE43-18CDB4A66984","NAME":"ALEX-ANDRE-46 IS EVEN","AT":1731721357816}
{"ID":"7899595E-61D9-43F6-9503-CFE7329DC43F","NAME":"ALEX-ANDRE-48 IS EVEN","AT":1731721357816}
{"ID":"44806A9C-A77C-4775-AB1E-8B2B8813CF20","NAME":"ALEX-ANDRE-50 IS EVEN","AT":1731721357816}
{"ID":"A3CC0B9E-0741-420A-9460-301CE4DE4021","NAME":"ALEX-ANDRE-52 IS EVEN","AT":1731721357816}
{"ID":"54A28E53-24A2-4B34-876C-492E4678DDCC","NAME":"ALEX-ANDRE-54 IS EVEN","AT":1731721357816}
{"ID":"D89B861D-454D-43BE-8407-3D6DEA71E27A","NAME":"ALEX-ANDRE-56 IS EVEN","AT":1731721357816}
{"ID":"A58D037C-99AB-4DF8-AAA7-8ACDFC112DF7","NAME":"ALEX-ANDRE-58 IS EVEN","AT":1731721357816}
{"ID":"4BDF4922-4931-4FA3-A474-556AD3EA7A0E","NAME":"ALEX-ANDRE-60 IS EVEN","AT":1731721357816}
{"ID":"5AD49183-FCCE-4A0D-A53E-6485782EC305","NAME":"ALEX-ANDRE-62 IS EVEN","AT":1731721357816}
{"ID":"F611E265-FF34-4FB8-A3F8-A7FF6576DC39","NAME":"ALEX-ANDRE-64 IS EVEN","AT":1731721357816}
{"ID":"DC6202A6-EDF4-47FA-9071-79548AE26995","NAME":"ALEX-ANDRE-66 IS EVEN","AT":1731721357816}
{"ID":"D756C392-76B0-4652-9158-63E0259D1742","NAME":"ALEX-ANDRE-68 IS EVEN","AT":1731721357816}
{"ID":"AAB9894B-6EC0-4A69-A824-4D58599D65DF","NAME":"ALEX-ANDRE-70 IS EVEN","AT":1731721357816}
{"ID":"8946CABA-12DA-4C95-B858-717352A9D683","NAME":"ALEX-ANDRE-72 IS EVEN","AT":1731721357816}
{"ID":"65A112D4-A3D1-41B9-AEFB-110E7B6522BF","NAME":"ALEX-ANDRE-74 IS EVEN","AT":1731721357816}
{"ID":"61FAC82F-37C5-4CFA-8DEC-AA800B0B1245","NAME":"ALEX-ANDRE-76 IS EVEN","AT":1731721357816}
{"ID":"0BEE92C4-8427-465D-9992-8A538D3199CF","NAME":"ALEX-ANDRE-78 IS EVEN","AT":1731721357816}
{"ID":"9119093D-2E01-437A-99E0-9BD6F4D6A083","NAME":"ALEX-ANDRE-80 IS EVEN","AT":1731721357816}
{"ID":"A6E471EF-186D-453E-B795-3008D34F901C","NAME":"ALEX-ANDRE-82 IS EVEN","AT":1731721357816}
{"ID":"5125C1F9-0DBC-446F-9157-FADE09D66B5B","NAME":"ALEX-ANDRE-84 IS EVEN","AT":1731721357816}
{"ID":"47625AEA-812B-4A62-813B-FAEE55602759","NAME":"ALEX-ANDRE-86 IS EVEN","AT":1731721357816}
{"ID":"13164967-387C-4E05-9CD1-C92E21157D86","NAME":"ALEX-ANDRE-88 IS EVEN","AT":1731721357816}
{"ID":"F80313D9-4FB8-46C2-9060-5678DDE59E0E","NAME":"ALEX-ANDRE-90 IS EVEN","AT":1731721357816}
{"ID":"5DE351EC-CF7B-444F-9A04-7203381C54A2","NAME":"ALEX-ANDRE-92 IS EVEN","AT":1731721357816}
{"ID":"095E1840-8386-43AF-91C8-C4C2D9E8CAAF","NAME":"ALEX-ANDRE-94 IS EVEN","AT":1731721357816}
{"ID":"118665C8-9A9D-4A6D-BE58-C3FE22BD805B","NAME":"ALEX-ANDRE-96 IS EVEN","AT":1731721357816}
{"ID":"7138C716-AD63-4D4A-81ED-72397B457791","NAME":"ALEX-ANDRE-98 IS EVEN","AT":1731721357816}
